0 info it worked if it ends with ok
1 verbose cli [ '/usr/local/bin/node',
1 verbose cli   '/usr/local/bin/npm',
1 verbose cli   'install',
1 verbose cli   '-g',
1 verbose cli   'firebase-tools' ]
2 info using npm@2.14.7
3 info using node@v4.2.3
4 verbose install initial load of /usr/local/lib/package.json
5 verbose readDependencies loading dependencies from /usr/local/lib/package.json
6 silly cache add args [ 'firebase-tools', null ]
7 verbose cache add spec firebase-tools
8 silly cache add parsed spec Result {
8 silly cache add   raw: 'firebase-tools',
8 silly cache add   scope: null,
8 silly cache add   name: 'firebase-tools',
8 silly cache add   rawSpec: '',
8 silly cache add   spec: '*',
8 silly cache add   type: 'range' }
9 silly addNamed firebase-tools@*
10 verbose addNamed "*" is a valid semver range for firebase-tools
11 silly addNameRange { name: 'firebase-tools', range: '*', hasData: false }
12 silly mapToRegistry name firebase-tools
13 silly mapToRegistry using default registry
14 silly mapToRegistry registry https://registry.npmjs.org/
15 silly mapToRegistry uri https://registry.npmjs.org/firebase-tools
16 verbose addNameRange registry:https://registry.npmjs.org/firebase-tools not in flight; fetching
17 verbose request uri https://registry.npmjs.org/firebase-tools
18 verbose request no auth needed
19 info attempt registry request try #1 at 12:35:33 PM
20 verbose request id 0f8f37d1777c178c
21 verbose etag "BTNN1NZ1PVMCTH3I3YL9YPZAT"
22 http request GET https://registry.npmjs.org/firebase-tools
23 http 200 https://registry.npmjs.org/firebase-tools
24 verbose headers { server: 'CouchDB/1.5.0 (Erlang OTP/R16B03)',
24 verbose headers   etag: '"CDJD2FR7KVCXP7EJ70H0F25KJ"',
24 verbose headers   'content-type': 'application/json',
24 verbose headers   'content-encoding': 'gzip',
24 verbose headers   'cache-control': 'max-age=300',
24 verbose headers   'content-length': '10188',
24 verbose headers   'accept-ranges': 'bytes',
24 verbose headers   date: 'Sun, 30 Oct 2016 19:35:33 GMT',
24 verbose headers   via: '1.1 varnish',
24 verbose headers   age: '0',
24 verbose headers   connection: 'keep-alive',
24 verbose headers   'x-served-by': 'cache-lax8624-LAX',
24 verbose headers   'x-cache': 'HIT',
24 verbose headers   'x-cache-hits': '1',
24 verbose headers   'x-timer': 'S1477856133.511461,VS0,VE358',
24 verbose headers   vary: 'Accept-Encoding' }
25 silly get cb [ 200,
25 silly get   { server: 'CouchDB/1.5.0 (Erlang OTP/R16B03)',
25 silly get     etag: '"CDJD2FR7KVCXP7EJ70H0F25KJ"',
25 silly get     'content-type': 'application/json',
25 silly get     'content-encoding': 'gzip',
25 silly get     'cache-control': 'max-age=300',
25 silly get     'content-length': '10188',
25 silly get     'accept-ranges': 'bytes',
25 silly get     date: 'Sun, 30 Oct 2016 19:35:33 GMT',
25 silly get     via: '1.1 varnish',
25 silly get     age: '0',
25 silly get     connection: 'keep-alive',
25 silly get     'x-served-by': 'cache-lax8624-LAX',
25 silly get     'x-cache': 'HIT',
25 silly get     'x-cache-hits': '1',
25 silly get     'x-timer': 'S1477856133.511461,VS0,VE358',
25 silly get     vary: 'Accept-Encoding' } ]
26 verbose get saving firebase-tools to /Users/miniMoimartz/.npm/registry.npmjs.org/firebase-tools/.cache.json
27 silly addNameRange number 2 { name: 'firebase-tools', range: '*', hasData: true }
28 silly addNameRange versions [ 'firebase-tools',
28 silly addNameRange   [ '0.0.1',
28 silly addNameRange     '0.0.2',
28 silly addNameRange     '0.0.3',
28 silly addNameRange     '0.0.4',
28 silly addNameRange     '0.0.5',
28 silly addNameRange     '0.0.6',
28 silly addNameRange     '0.1.0',
28 silly addNameRange     '0.1.1',
28 silly addNameRange     '0.1.2',
28 silly addNameRange     '0.1.3',
28 silly addNameRange     '0.1.4',
28 silly addNameRange     '0.1.5',
28 silly addNameRange     '0.1.6',
28 silly addNameRange     '0.2.0',
28 silly addNameRange     '0.3.0',
28 silly addNameRange     '0.4.0',
28 silly addNameRange     '0.5.0',
28 silly addNameRange     '1.0.0',
28 silly addNameRange     '1.0.1',
28 silly addNameRange     '1.0.2',
28 silly addNameRange     '1.0.3',
28 silly addNameRange     '1.0.4',
28 silly addNameRange     '1.0.5',
28 silly addNameRange     '1.0.6',
28 silly addNameRange     '1.1.0',
28 silly addNameRange     '1.1.1',
28 silly addNameRange     '1.1.2',
28 silly addNameRange     '1.1.3',
28 silly addNameRange     '1.1.4',
28 silly addNameRange     '1.1.5',
28 silly addNameRange     '1.1.6',
28 silly addNameRange     '1.2.0',
28 silly addNameRange     '2.0.0',
28 silly addNameRange     '2.0.1',
28 silly addNameRange     '2.0.2',
28 silly addNameRange     '2.1.0',
28 silly addNameRange     '2.1.1',
28 silly addNameRange     '2.2.0',
28 silly addNameRange     '2.2.1',
28 silly addNameRange     '3.0.0',
28 silly addNameRange     '3.0.1',
28 silly addNameRange     '3.0.2',
28 silly addNameRange     '3.0.3',
28 silly addNameRange     '3.0.4',
28 silly addNameRange     '3.0.5',
28 silly addNameRange     '3.0.6',
28 silly addNameRange     '3.0.7',
28 silly addNameRange     '3.0.8' ] ]
29 silly addNamed firebase-tools@3.0.8
30 verbose addNamed "3.0.8" is a plain semver version for firebase-tools
31 silly mapToRegistry name firebase-tools
32 silly mapToRegistry using default registry
33 silly mapToRegistry registry https://registry.npmjs.org/
34 silly mapToRegistry uri https://registry.npmjs.org/firebase-tools
35 verbose addRemoteTarball https://registry.npmjs.org/firebase-tools/-/firebase-tools-3.0.8.tgz not in flight; adding
36 verbose addRemoteTarball [ 'https://registry.npmjs.org/firebase-tools/-/firebase-tools-3.0.8.tgz',
36 verbose addRemoteTarball   '52e4482fdb98b8a7930b1a6c4ce7bb4769c3d4e1' ]
37 info retry fetch attempt 1 at 12:35:34 PM
38 info attempt registry request try #1 at 12:35:34 PM
39 http fetch GET https://registry.npmjs.org/firebase-tools/-/firebase-tools-3.0.8.tgz
40 http fetch 200 https://registry.npmjs.org/firebase-tools/-/firebase-tools-3.0.8.tgz
41 silly fetchAndShaCheck shasum 52e4482fdb98b8a7930b1a6c4ce7bb4769c3d4e1
42 verbose addTmpTarball /var/folders/30/bqlxg8z514sbwc216zk2qc200000gp/T/npm-14988-417bb97a/registry.npmjs.org/firebase-tools/-/firebase-tools-3.0.8.tgz not in flight; adding
43 verbose addTmpTarball already have metadata; skipping unpack for firebase-tools@3.0.8
44 silly cache afterAdd firebase-tools@3.0.8
45 verbose afterAdd /Users/miniMoimartz/.npm/firebase-tools/3.0.8/package/package.json not in flight; writing
46 verbose afterAdd /Users/miniMoimartz/.npm/firebase-tools/3.0.8/package/package.json written
47 silly install resolved [ { name: 'firebase-tools',
47 silly install resolved     version: '3.0.8',
47 silly install resolved     description: 'Command-Line Interface for Firebase',
47 silly install resolved     main: 'index.js',
47 silly install resolved     bin: { firebase: './bin/firebase' },
47 silly install resolved     scripts: { test: 'gulp' },
47 silly install resolved     repository:
47 silly install resolved      { type: 'git',
47 silly install resolved        url: 'git+https://github.com/firebase/firebase-tools.git' },
47 silly install resolved     keywords:
47 silly install resolved      [ 'cdn',
47 silly install resolved        'cli',
47 silly install resolved        'ssl',
47 silly install resolved        'cloud',
47 silly install resolved        'hosting',
47 silly install resolved        'firebase',
47 silly install resolved        'realtime',
47 silly install resolved        'websockets',
47 silly install resolved        'synchronization' ],
47 silly install resolved     preferGlobal: true,
47 silly install resolved     engines: { node: '>=0.10.0' },
47 silly install resolved     'engine-strict': true,
47 silly install resolved     author: { name: 'Firebase', url: 'https://firebase.google.com/' },
47 silly install resolved     license: 'MIT',
47 silly install resolved     bugs: { url: 'https://github.com/firebase/firebase-tools/issues' },
47 silly install resolved     files: [ 'bin/**', 'lib/**', 'commands/**', 'templates/**', 'index.js' ],
47 silly install resolved     homepage: 'https://github.com/firebase/firebase-tools',
47 silly install resolved     dependencies:
47 silly install resolved      { archiver: '^0.16.0',
47 silly install resolved        chalk: '^1.1.0',
47 silly install resolved        cjson: '^0.3.1',
47 silly install resolved        'cli-spinner': '^0.2.5',
47 silly install resolved        'cli-table': '^0.3.1',
47 silly install resolved        commander: '^2.8.1',
47 silly install resolved        'concat-stream': '^1.5.0',
47 silly install resolved        configstore: '^1.2.0',
47 silly install resolved        'cross-spawn': '^4.0.0',
47 silly install resolved        didyoumean: '^1.2.1',
47 silly install resolved        'exit-code': '^1.0.2',
47 silly install resolved        filesize: '^3.1.3',
47 silly install resolved        firebase: '2.x.x',
47 silly install resolved        'fs-extra': '^0.23.1',
47 silly install resolved        'fstream-ignore': '^1.0.2',
47 silly install resolved        googleapis: '^2.1.7',
47 silly install resolved        inquirer: '^0.12.0',
47 silly install resolved        jsonschema: '^1.0.2',
47 silly install resolved        jsonwebtoken: '^5.4.0',
47 silly install resolved        lodash: '^4.6.1',
47 silly install resolved        'node-uuid': '^1.4.3',
47 silly install resolved        open: '^0.0.5',
47 silly install resolved        portfinder: '^0.4.0',
47 silly install resolved        progress: '^1.1.8',
47 silly install resolved        request: '^2.58.0',
47 silly install resolved        rsvp: '^3.0.18',
47 silly install resolved        semver: '^5.0.3',
47 silly install resolved        shelljs: '^0.5.3',
47 silly install resolved        superstatic: '^4.0',
47 silly install resolved        tar: '^2.2.0',
47 silly install resolved        through: '^2.3.8',
47 silly install resolved        tmp: '0.0.27',
47 silly install resolved        'universal-analytics': '^0.3.9',
47 silly install resolved        'update-notifier': '^0.5.0',
47 silly install resolved        'user-home': '^2.0.0',
47 silly install resolved        uuid: '^2.0.1',
47 silly install resolved        winston: '^1.0.1' },
47 silly install resolved     devDependencies:
47 silly install resolved      { chai: '^3.0.0',
47 silly install resolved        'chai-as-promised': '^5.1.0',
47 silly install resolved        coveralls: '2.11.2',
47 silly install resolved        eslint: '^1.4.1',
47 silly install resolved        gulp: '^3.9.0',
47 silly install resolved        'gulp-eslint': '^1.0.0',
47 silly install resolved        'gulp-exit': '0.0.2',
47 silly install resolved        'gulp-istanbul': '^0.10.0',
47 silly install resolved        'gulp-mocha': '^2.1.2',
47 silly install resolved        'jshint-stylish': '^2.0.1',
47 silly install resolved        nock: '^2.10.0',
47 silly install resolved        sinon: '^1.17.4',
47 silly install resolved        'sinon-as-promised': '^4.0.0',
47 silly install resolved        'sinon-chai': '^2.8.0' },
47 silly install resolved     gitHead: '9e906fb72b1198a81ad06a314aacf00a9c25c307',
47 silly install resolved     _id: 'firebase-tools@3.0.8',
47 silly install resolved     _shasum: '52e4482fdb98b8a7930b1a6c4ce7bb4769c3d4e1',
47 silly install resolved     _from: 'firebase-tools@*',
47 silly install resolved     _npmVersion: '2.15.0',
47 silly install resolved     _nodeVersion: '0.12.13',
47 silly install resolved     _npmUser: { name: 'firebase', email: 'operations+plainlogo@firebase.com' },
47 silly install resolved     dist:
47 silly install resolved      { shasum: '52e4482fdb98b8a7930b1a6c4ce7bb4769c3d4e1',
47 silly install resolved        tarball: 'https://registry.npmjs.org/firebase-tools/-/firebase-tools-3.0.8.tgz' },
47 silly install resolved     maintainers: [ [Object] ],
47 silly install resolved     _npmOperationalInternal:
47 silly install resolved      { host: 'packages-12-west.internal.npmjs.com',
47 silly install resolved        tmp: 'tmp/firebase-tools-3.0.8.tgz_1475262441437_0.6979508025106043' },
47 silly install resolved     directories: {},
47 silly install resolved     _resolved: 'https://registry.npmjs.org/firebase-tools/-/firebase-tools-3.0.8.tgz' } ]
48 info install firebase-tools@3.0.8 into /usr/local/lib
49 info installOne firebase-tools@3.0.8
50 verbose installOne of firebase-tools to /usr/local/lib not in flight; installing
51 verbose lock using /Users/miniMoimartz/.npm/_locks/firebase-tools-10d1b8d676fd02fa.lock for /usr/local/lib/node_modules/firebase-tools
52 silly install write writing firebase-tools 3.0.8 to /usr/local/lib/node_modules/firebase-tools
53 verbose unbuild lib/node_modules/firebase-tools
54 info preuninstall firebase-tools@2.1.1
55 info uninstall firebase-tools@2.1.1
56 verbose unbuild rmStuff firebase-tools@2.1.1 from /usr/local/lib/node_modules
57 silly gentlyRm /usr/local/bin/firebase is being gently removed
58 silly gentlyRm verifying /usr/local is an npm working directory
59 silly gentlyRm containing path /usr/local is under npm's control, in /usr/local
60 silly gentlyRm deletion target /usr/local/bin/firebase is under /usr/local
61 verbose gentlyRm vacuuming from /usr/local/bin/firebase up to /usr/local
62 silly vacuum-fs removing /usr/local/bin/firebase
63 silly vacuum-fs quitting because other entries in /usr/local/bin
64 info postuninstall firebase-tools@2.1.1
65 silly gentlyRm /usr/local/lib/node_modules/firebase-tools is being purged from base /usr/local
66 verbose gentlyRm don't care about contents; nuking /usr/local/lib/node_modules/firebase-tools
67 silly vacuum-fs purging /usr/local/lib/node_modules/firebase-tools
68 verbose unlock done using /Users/miniMoimartz/.npm/_locks/firebase-tools-10d1b8d676fd02fa.lock for /usr/local/lib/node_modules/firebase-tools
69 verbose stack Error: EACCES: permission denied, rmdir '/usr/local/lib/node_modules/firebase-tools'
69 verbose stack     at Error (native)
70 verbose cwd /Users/miniMoimartz/Desktop/Home/DevelopmentFolders/myPortfolio
71 error Darwin 16.1.0
72 error argv "/usr/local/bin/node" "/usr/local/bin/npm" "install" "-g" "firebase-tools"
73 error node v4.2.3
74 error npm  v2.14.7
75 error path /usr/local/lib/node_modules/firebase-tools
76 error code EACCES
77 error errno -13
78 error syscall rmdir
79 error Error: EACCES: permission denied, rmdir '/usr/local/lib/node_modules/firebase-tools'
79 error     at Error (native)
79 error  { [Error: EACCES: permission denied, rmdir '/usr/local/lib/node_modules/firebase-tools']
79 error   errno: -13,
79 error   code: 'EACCES',
79 error   syscall: 'rmdir',
79 error   path: '/usr/local/lib/node_modules/firebase-tools' }
80 error Please try running this command again as root/Administrator.
81 verbose exit [ -13, true ]
82 verbose unbuild lib/node_modules/firebase-tools
83 info preuninstall firebase-tools@2.1.1
84 info uninstall firebase-tools@2.1.1
85 verbose unbuild rmStuff firebase-tools@2.1.1 from /usr/local/lib/node_modules
86 silly gentlyRm /usr/local/bin/firebase is being gently removed
87 silly gentlyRm verifying /usr/local is an npm working directory
88 silly gentlyRm containing path /usr/local is under npm's control, in /usr/local
89 silly gentlyRm deletion target /usr/local/bin/firebase is under /usr/local
90 verbose gentlyRm vacuuming from /usr/local/bin/firebase up to /usr/local
91 info postuninstall firebase-tools@2.1.1
92 silly gentlyRm /usr/local/lib/node_modules/firebase-tools is being purged from base /usr/local
93 verbose gentlyRm don't care about contents; nuking /usr/local/lib/node_modules/firebase-tools
94 silly vacuum-fs purging /usr/local/lib/node_modules/firebase-tools
95 error error rolling back Error: EACCES: permission denied, rmdir '/usr/local/lib/node_modules/firebase-tools'
95 error error rolling back     at Error (native)
95 error error rolling back  { [Error: EACCES: permission denied, rmdir '/usr/local/lib/node_modules/firebase-tools']
95 error error rolling back   errno: -13,
95 error error rolling back   code: 'EACCES',
95 error error rolling back   syscall: 'rmdir',
95 error error rolling back   path: '/usr/local/lib/node_modules/firebase-tools' }
